<?xml version="1.0" encoding="UTF-8"?>
<!-- Generated by org.testng.reporters.JUnitXMLReporter -->
<testsuite hostname="PUNBHATT.local" ignored="0" name="Default test" tests="2" failures="0" timestamp="23 May 2017 12:51:11 GMT" time="99.772" errors="0">
  <testcase name="testMarketplacePriceAddons" time="12.352" classname="com.appdirect.automation.AutomatePrices"/>
  <testcase name="testMarketplacePriceEditions" time="81.348" classname="com.appdirect.automation.AutomatePrices"/>
</testsuite> <!-- Default test -->
