<?xml version="1.0" encoding="UTF-8"?>
<!-- Generated by org.testng.reporters.JUnitXMLReporter -->
<testsuite hostname="PUNBHATT.local" ignored="0" name="test1" tests="2" failures="0" timestamp="23 May 2017 09:22:35 GMT" time="37.239" errors="0">
  <testcase name="testMarketplacePriceAddons" time="14.691" classname="com.appdirect.automation.AutomatePrices"/>
  <testcase name="testMarketplacePriceEditions" time="31.526" classname="com.appdirect.automation.AutomatePrices"/>
</testsuite> <!-- test1 -->
